SF:/root/.cursor-server/extensions/ms-python.python-2025.6.1-linux-x64/python_files/vscode_pytest/__init__.py
DA:4,0
DA:6,0
DA:7,0
DA:8,0
DA:9,0
DA:10,0
DA:11,0
DA:12,0
DA:13,0
DA:15,0
DA:17,0
DA:18,0
DA:21,0
DA:23,0
DA:24,0
DA:26,0
DA:29,0
DA:32,0
DA:33,0
DA:34,0
DA:35,0
DA:38,0
DA:41,0
DA:42,0
DA:45,0
DA:48,0
DA:51,0
DA:54,0
DA:55,0
DA:58,0
DA:59,0
DA:60,0
DA:61,0
DA:62,0
DA:63,0
DA:64,0
DA:67,0
DA:68,1
DA:69,1
DA:70,1
DA:71,0
DA:74,1
DA:76,0
DA:79,1
DA:80,1
DA:86,1
DA:87,0
DA:88,1
DA:90,1
DA:93,1
DA:94,1
DA:95,1
DA:96,1
DA:97,0
DA:102,1
DA:104,1
DA:105,0
DA:106,0
DA:109,1
DA:110,0
DA:111,0
DA:112,1
DA:113,0
DA:117,0
DA:120,0
DA:128,0
DA:131,0
DA:142,0
DA:143,0
DA:144,0
DA:145,0
DA:146,0
DA:148,0
DA:151,0
DA:152,0
DA:153,0
DA:154,0
DA:155,0
DA:156,0
DA:157,0
DA:163,0
DA:164,0
DA:165,0
DA:166,0
DA:173,0
DA:176,0
DA:177,0
DA:180,0
DA:182,0
DA:183,0
DA:184,0
DA:185,0
DA:188,0
DA:200,0
DA:201,0
DA:204,0
DA:211,0
DA:214,0
DA:220,0
DA:221,0
DA:222,0
DA:223,0
DA:224,0
DA:227,0
DA:235,0
DA:244,0
DA:247,0
DA:248,0
DA:251,0
DA:252,0
DA:261,0
DA:262,0
DA:263,0
DA:265,0
DA:266,0
DA:267,0
DA:268,0
DA:269,0
DA:270,0
DA:271,0
DA:272,0
DA:273,0
DA:274,0
DA:275,0
DA:276,0
DA:277,0
DA:279,0
DA:280,0
DA:281,0
DA:282,0
DA:288,0
DA:289,0
DA:290,0
DA:295,0
DA:298,0
DA:306,0
DA:307,0
DA:308,0
DA:309,0
DA:310,0
DA:311,0
DA:312,0
DA:313,0
DA:314,0
DA:315,0
DA:316,0
DA:322,0
DA:323,0
DA:324,0
DA:329,0
DA:332,0
DA:340,0
DA:341,0
DA:342,0
DA:343,0
DA:344,0
DA:345,0
DA:346,0
DA:347,0
DA:350,0
DA:356,0
DA:359,0
DA:360,0
DA:361,0
DA:362,0
DA:363,0
DA:364,0
DA:367,0
DA:368,0
DA:369,0
DA:370,0
DA:371,0
DA:374,0
DA:388,0
DA:389,0
DA:390,0
DA:391,0
DA:393,0
DA:394,0
DA:395,0
DA:402,0
DA:403,0
DA:404,0
DA:405,0
DA:406,0
DA:410,0
DA:411,0
DA:412,0
DA:415,0
DA:422,0
DA:424,0
DA:425,0
DA:427,0
DA:430,0
DA:432,0
DA:440,0
DA:441,0
DA:443,0
DA:446,0
DA:447,0
DA:448,0
DA:450,0
DA:452,0
DA:455,0
DA:456,0
DA:459,0
DA:461,0
DA:462,0
DA:463,0
DA:464,0
DA:466,0
DA:467,0
DA:469,0
DA:470,0
DA:473,0
DA:474,0
DA:475,0
DA:476,0
DA:477,0
DA:478,0
DA:480,0
DA:481,0
DA:482,0
DA:483,0
DA:484,0
DA:486,0
DA:487,0
DA:488,0
DA:491,0
DA:495,0
DA:497,0
DA:498,0
DA:499,0
DA:502,0
DA:503,0
DA:504,0
DA:505,0
DA:506,0
DA:513,0
DA:514,0
DA:515,0
DA:517,0
DA:523,0
DA:526,0
DA:532,0
DA:533,0
DA:534,0
DA:535,0
DA:536,0
DA:539,0
DA:540,0
DA:541,0
DA:543,0
DA:544,0
DA:545,0
DA:546,0
DA:548,0
DA:549,0
DA:551,0
DA:554,0
DA:558,0
DA:560,0
DA:564,0
DA:565,0
DA:566,0
DA:567,0
DA:568,0
DA:571,0
DA:574,0
DA:575,0
DA:578,0
DA:579,0
DA:580,0
DA:582,0
DA:584,0
DA:585,0
DA:586,0
DA:587,0
DA:588,0
DA:589,0
DA:590,0
DA:591,0
DA:593,0
DA:594,0
DA:597,0
DA:598,0
DA:599,0
DA:600,0
DA:604,0
DA:605,0
DA:606,0
DA:607,0
DA:608,0
DA:610,0
DA:611,0
DA:613,0
DA:614,0
DA:616,0
DA:617,0
DA:619,0
DA:620,0
DA:621,0
DA:623,0
DA:624,0
DA:625,0
DA:626,0
DA:627,0
DA:629,0
DA:630,0
DA:631,0
DA:633,0
DA:634,0
DA:635,0
DA:636,0
DA:637,0
DA:638,0
DA:639,0
DA:640,0
DA:641,0
DA:644,0
DA:645,0
DA:648,0
DA:650,0
DA:653,0
DA:654,0
DA:655,0
DA:656,0
DA:657,0
DA:658,0
DA:659,0
DA:664,0
DA:665,0
DA:666,0
DA:667,0
DA:668,0
DA:671,0
DA:685,0
DA:686,0
DA:687,0
DA:688,0
DA:689,0
DA:690,0
DA:691,0
DA:693,0
DA:696,0
DA:697,0
DA:698,0
DA:699,0
DA:700,0
DA:701,0
DA:702,0
DA:703,0
DA:704,0
DA:705,0
DA:706,0
DA:707,0
DA:708,0
DA:709,0
DA:710,0
DA:712,0
DA:713,0
DA:714,0
DA:720,0
DA:723,0
DA:731,0
DA:734,0
DA:735,0
DA:745,0
DA:751,0
DA:752,0
DA:761,0
DA:767,0
DA:776,0
DA:787,0
DA:796,0
DA:802,0
DA:811,0
DA:818,0
DA:827,0
DA:830,0
DA:831,0
DA:832,0
DA:833,0
DA:836,0
DA:839,0
DA:840,0
DA:841,0
DA:842,0
DA:843,0
DA:846,0
DA:849,0
DA:850,0
DA:851,0
DA:852,0
DA:855,0
DA:860,0
DA:862,0
DA:863,0
DA:868,0
DA:870,0
DA:872,0
DA:873,0
DA:875,0
DA:879,0
DA:881,0
DA:882,0
DA:883,0
DA:887,0
DA:890,0
DA:891,0
DA:894,0
DA:904,0
DA:907,0
DA:908,0
DA:909,0
DA:912,0
DA:920,0
DA:926,0
DA:927,0
DA:928,0
DA:931,0
DA:934,0
DA:935,0
DA:936,0
DA:937,0
DA:940,0
DA:951,0
DA:952,0
DA:958,0
DA:959,0
DA:963,0
DA:964,0
DA:965,0
DA:966,0
DA:967,0
DA:968,0
DA:969,0
DA:975,0
DA:976,0
DA:978,0
DA:982,0
DA:983,0
DA:984,0
DA:985,0
DA:988,0
DA:989,0
DA:990,0
DA:991,0
DA:992,0
DA:993,0
DA:994,0
DA:996,0
DA:1000,0
DA:1001,0
DA:1007,0
DA:1008,0
DA:1009,0
DA:1013,0
DA:1014,0
DA:1015,0
DA:1016,0
DA:1017,0
DA:1020,0
DA:1021,1
DA:1022,1
DA:1030,0
LF:466
LH:19
FN:54,55,VSCodePytestError.__init__
FNDA:0,VSCodePytestError.__init__
FN:67,117,pytest_load_initial_conftests
FNDA:1,pytest_load_initial_conftests
FN:120,128,pytest_internalerror
FNDA:0,pytest_internalerror
FN:131,170,pytest_exception_interact
FNDA:0,pytest_exception_interact
FN:173,185,has_symlink_parent
FNDA:0,has_symlink_parent
FN:188,201,get_absolute_test_id
FNDA:0,get_absolute_test_id
FN:204,211,pytest_keyboard_interrupt
FNDA:0,pytest_keyboard_interrupt
FN:227,241,create_test_outcome
FNDA:0,create_test_outcome
FN:252,295,pytest_report_teststatus
FNDA:0,pytest_report_teststatus
FN:307,329,pytest_runtest_protocol
FNDA:0,pytest_runtest_protocol
FN:332,347,check_skipped_wrapper
FNDA:0,check_skipped_wrapper
FN:350,364,check_skipped_condition
FNDA:0,check_skipped_condition
FN:374,523,pytest_sessionfinish
FNDA:0,pytest_sessionfinish
FN:526,668,build_test_tree
FNDA:0,build_test_tree
FN:671,720,build_nested_folders
FNDA:0,build_nested_folders
FN:723,742,create_test_node
FNDA:0,create_test_node
FN:745,758,create_session_node
FNDA:0,create_session_node
FN:761,773,create_class_node
FNDA:0,create_class_node
FN:776,793,create_parameterized_function_node
FNDA:0,create_parameterized_function_node
FN:796,808,create_file_node
FNDA:0,create_file_node
FN:811,824,create_folder_node
FNDA:0,create_folder_node
FN:855,887,get_node_path
FNDA:0,get_node_path
FN:894,909,send_execution_message
FNDA:0,send_execution_message
FN:912,928,send_discovery_message
FNDA:0,send_discovery_message
FN:934,937,PathEncoder.default
FNDA:0,PathEncoder.default
FN:940,1004,send_message
FNDA:0,send_message
FN:1009,1017,DeferPlugin.pytest_xdist_auto_num_workers
FNDA:0,DeferPlugin.pytest_xdist_auto_num_workers
FN:1020,1030,pytest_plugin_registered
FNDA:1,pytest_plugin_registered
FNF:28
FNH:2
end_of_record
SF:/workspace/src/datasets/__init__.py
DA:1,1
DA:3,1
LF:2
LH:2
end_of_record
SF:/workspace/src/datasets/language_dataset.py
DA:1,1
DA:2,1
DA:3,1
DA:5,1
DA:7,1
DA:13,1
DA:20,0
DA:21,0
DA:24,0
DA:25,0
DA:26,0
DA:27,0
DA:28,0
DA:29,0
DA:30,0
DA:31,0
DA:32,0
DA:33,0
DA:35,0
DA:36,0
DA:37,0
DA:39,0
DA:40,0
DA:41,0
DA:42,0
DA:43,0
DA:45,1
DA:46,0
DA:48,1
DA:62,0
DA:63,0
DA:64,0
DA:66,1
DA:67,1
DA:68,0
LF:35
LH:10
FN:13,43,LanguageDataset.__init__
FNDA:0,LanguageDataset.__init__
FN:45,46,LanguageDataset.__len__
FNDA:0,LanguageDataset.__len__
FN:48,64,LanguageDataset.__getitem__
FNDA:0,LanguageDataset.__getitem__
FN:67,68,LanguageDataset.vocab_size
FNDA:0,LanguageDataset.vocab_size
FNF:4
FNH:0
end_of_record
SF:/workspace/src/tokenizers/__init__.py
DA:2,1
DA:3,1
DA:4,1
DA:5,1
DA:6,1
DA:7,1
DA:9,1
LF:7
LH:7
end_of_record
SF:/workspace/src/tokenizers/base.py
DA:1,1
DA:2,1
DA:4,1
DA:6,1
DA:7,1
DA:8,0
DA:10,1
DA:11,1
DA:12,0
DA:14,1
DA:15,1
DA:16,0
LF:12
LH:9
FN:7,8,Tokenizer.__init__
FNDA:0,Tokenizer.__init__
FN:11,12,Tokenizer.encode
FNDA:0,Tokenizer.encode
FN:15,16,Tokenizer.decode
FNDA:0,Tokenizer.decode
FNF:3
FNH:0
end_of_record
SF:/workspace/src/tokenizers/bpe/__init__.py
DA:1,1
DA:2,1
DA:3,1
DA:5,1
LF:4
LH:4
end_of_record
SF:/workspace/src/tokenizers/bpe/basic.py
DA:1,1
DA:2,1
DA:5,1
DA:8,1
DA:13,0
DA:14,0
DA:15,0
DA:17,1
DA:19,0
DA:21,0
DA:22,0
DA:24,0
DA:25,0
DA:26,0
DA:28,0
DA:29,0
DA:31,0
DA:34,1
DA:36,0
DA:37,0
DA:38,0
DA:41,1
DA:49,0
DA:50,0
DA:52,0
DA:53,0
DA:55,0
DA:56,0
DA:58,0
DA:59,0
DA:61,0
DA:63,0
DA:65,0
DA:67,0
DA:70,0
DA:73,0
DA:76,0
DA:79,0
DA:81,0
DA:83,0
DA:84,0
DA:85,0
DA:86,0
DA:88,1
DA:90,0
DA:91,0
DA:92,0
DA:94,1
DA:96,0
DA:97,0
DA:98,0
LF:51
LH:9
FN:8,15,BasicBPETokenizer.__init__
FNDA:0,BasicBPETokenizer.__init__
FN:17,31,BasicBPETokenizer.encode
FNDA:0,BasicBPETokenizer.encode
FN:34,38,BasicBPETokenizer.decode
FNDA:0,BasicBPETokenizer.decode
FN:41,86,BasicBPETokenizer.train
FNDA:0,BasicBPETokenizer.train
FN:88,92,BasicBPETokenizer._preprocess_text
FNDA:0,BasicBPETokenizer._preprocess_text
FN:94,98,BasicBPETokenizer._postprocess_text
FNDA:0,BasicBPETokenizer._postprocess_text
FNF:6
FNH:0
end_of_record
SF:/workspace/src/tokenizers/bpe/chunked.py
DA:1,1
DA:2,1
DA:4,1
DA:7,1
DA:10,1
DA:15,0
DA:16,0
DA:17,0
DA:18,0
DA:19,0
DA:21,1
DA:23,0
DA:25,0
DA:26,0
DA:27,0
DA:29,0
DA:31,1
DA:33,0
DA:34,0
DA:35,0
DA:37,0
DA:38,0
DA:39,0
DA:41,0
DA:42,0
DA:44,0
DA:46,1
DA:48,0
DA:49,0
DA:50,0
DA:53,1
DA:62,0
DA:63,0
DA:65,0
DA:66,0
DA:68,0
DA:69,0
DA:71,0
DA:72,0
DA:74,0
DA:75,0
DA:76,0
DA:78,0
DA:80,0
DA:82,0
DA:85,0
DA:88,0
DA:91,0
DA:94,0
DA:96,0
DA:98,0
DA:99,0
DA:100,0
DA:101,0
DA:103,1
DA:105,0
DA:106,0
DA:107,0
DA:109,1
DA:111,0
DA:112,0
DA:113,0
LF:62
LH:11
FN:10,19,ChunkedBPETokenizer.__init__
FNDA:0,ChunkedBPETokenizer.__init__
FN:21,29,ChunkedBPETokenizer.encode
FNDA:0,ChunkedBPETokenizer.encode
FN:31,44,ChunkedBPETokenizer._encode_chunk
FNDA:0,ChunkedBPETokenizer._encode_chunk
FN:46,50,ChunkedBPETokenizer.decode
FNDA:0,ChunkedBPETokenizer.decode
FN:53,101,ChunkedBPETokenizer.train
FNDA:0,ChunkedBPETokenizer.train
FN:103,107,ChunkedBPETokenizer._preprocess_text
FNDA:0,ChunkedBPETokenizer._preprocess_text
FN:109,113,ChunkedBPETokenizer._postprocess_text
FNDA:0,ChunkedBPETokenizer._postprocess_text
FNF:7
FNH:0
end_of_record
SF:/workspace/src/tokenizers/bpe/optimized.py
DA:1,1
DA:2,1
DA:4,1
DA:5,1
DA:8,1
DA:17,1
DA:22,0
DA:23,0
DA:24,0
DA:25,0
DA:26,0
DA:28,1
DA:30,0
DA:32,0
DA:33,0
DA:34,0
DA:35,0
DA:36,0
DA:37,0
DA:39,0
DA:40,0
DA:41,0
DA:43,0
DA:45,1
DA:47,0
DA:48,0
DA:49,0
DA:51,0
DA:52,0
DA:53,0
DA:55,0
DA:56,0
DA:58,0
DA:60,1
DA:62,0
DA:63,0
DA:64,0
DA:67,1
DA:77,0
DA:78,0
DA:80,0
DA:81,0
DA:83,0
DA:84,0
DA:86,0
DA:87,0
DA:89,0
DA:90,0
DA:91,0
DA:93,0
DA:95,0
DA:97,0
DA:100,0
DA:103,0
DA:106,0
DA:109,0
DA:111,0
DA:113,0
DA:114,0
DA:115,0
DA:116,0
DA:118,1
DA:125,0
DA:126,0
DA:127,0
DA:129,1
DA:136,0
DA:137,0
DA:138,0
DA:139,0
DA:141,1
DA:143,0
DA:144,0
DA:145,0
LF:74
LH:13
FN:17,26,OptimizedBPETokenizer.__init__
FNDA:0,OptimizedBPETokenizer.__init__
FN:28,43,OptimizedBPETokenizer.encode
FNDA:0,OptimizedBPETokenizer.encode
FN:45,58,OptimizedBPETokenizer._encode_chunk
FNDA:0,OptimizedBPETokenizer._encode_chunk
FN:60,64,OptimizedBPETokenizer.decode
FNDA:0,OptimizedBPETokenizer.decode
FN:67,116,OptimizedBPETokenizer.train
FNDA:0,OptimizedBPETokenizer.train
FN:118,127,OptimizedBPETokenizer._preprocess_text_encode
FNDA:0,OptimizedBPETokenizer._preprocess_text_encode
FN:129,139,OptimizedBPETokenizer._preprocess_text_train
FNDA:0,OptimizedBPETokenizer._preprocess_text_train
FN:141,145,OptimizedBPETokenizer._postprocess_text
FNDA:0,OptimizedBPETokenizer._postprocess_text
FNF:8
FNH:0
end_of_record
SF:/workspace/src/tokenizers/bpe/utils.py
DA:1,1
DA:2,1
DA:4,1
DA:5,1
DA:7,1
DA:17,0
DA:18,0
DA:19,0
DA:20,0
DA:22,1
DA:24,0
DA:25,0
DA:26,0
DA:27,0
DA:28,0
DA:29,0
DA:31,0
DA:32,0
DA:33,0
LF:19
LH:6
FN:7,20,count_pairs
FNDA:0,count_pairs
FN:22,33,merge_pair
FNDA:0,merge_pair
FNF:2
FNH:0
end_of_record
SF:/workspace/src/tokenizers/byte.py
DA:1,1
DA:3,1
DA:9,1
DA:10,0
DA:12,1
DA:14,0
DA:16,1
DA:18,0
LF:8
LH:5
FN:9,10,ByteTokenizer.__init__
FNDA:0,ByteTokenizer.__init__
FN:12,14,ByteTokenizer.encode
FNDA:0,ByteTokenizer.encode
FN:16,18,ByteTokenizer.decode
FNDA:0,ByteTokenizer.decode
FNF:3
FNH:0
end_of_record
SF:/workspace/src/tokenizers/char.py
DA:1,1
DA:3,1
DA:10,1
DA:11,0
DA:12,0
DA:13,0
DA:14,0
DA:15,0
DA:17,1
DA:19,0
DA:20,0
DA:21,0
DA:22,0
DA:24,1
DA:26,0
DA:27,0
DA:28,0
DA:29,0
LF:18
LH:5
FN:10,15,CharTokenizer.__init__
FNDA:0,CharTokenizer.__init__
FN:17,22,CharTokenizer.encode
FNDA:0,CharTokenizer.encode
FN:24,29,CharTokenizer.decode
FNDA:0,CharTokenizer.decode
FNF:3
FNH:0
end_of_record
SF:datasets/test_language_dataset.py
DA:1,1
DA:2,1
DA:3,1
DA:4,1
DA:6,1
DA:7,1
DA:11,1
DA:12,1
DA:14,0
DA:17,1
DA:18,1
DA:20,0
DA:23,1
DA:24,1
DA:26,0
DA:30,1
DA:32,0
DA:40,0
DA:41,0
DA:42,0
DA:45,0
DA:46,0
DA:47,0
DA:50,1
DA:52,0
DA:60,0
DA:61,0
DA:62,0
DA:66,1
DA:68,0
DA:69,0
DA:75,0
DA:77,0
DA:78,0
DA:79,0
DA:80,0
DA:83,1
DA:85,0
DA:91,0
DA:94,0
DA:97,0
DA:98,0
DA:99,0
DA:102,1
DA:104,0
DA:105,0
DA:106,0
DA:108,0
DA:116,0
DA:120,1
DA:122,0
DA:123,0
DA:125,0
DA:133,0
DA:142,0
DA:143,0
DA:144,0
DA:147,0
DA:148,0
DA:151,1
DA:153,0
DA:154,0
DA:156,0
DA:164,0
DA:173,0
DA:174,0
DA:177,0
DA:181,1
DA:183,0
DA:184,0
DA:186,0
DA:194,0
DA:195,0
DA:196,0
DA:199,1
DA:202,0
DA:203,0
DA:204,0
DA:206,0
DA:208,0
DA:216,0
DA:219,1
DA:220,1
DA:222,0
DA:224,0
DA:226,0
DA:233,0
DA:234,0
DA:237,0
DA:244,0
DA:247,1
DA:248,1
DA:250,0
DA:256,0
DA:257,0
DA:258,0
DA:261,0
DA:262,0
DA:266,1
DA:268,0
DA:270,0
DA:271,0
DA:272,0
DA:279,1
DA:285,1
DA:287,0
DA:288,0
DA:295,1
DA:297,0
DA:298,0
DA:306,1
DA:307,1
DA:309,0
DA:310,0
DA:317,1
DA:319,0
DA:320,0
DA:322,0
DA:323,0
DA:329,0
DA:330,0
DA:331,0
DA:332,0
DA:335,1
DA:337,0
DA:338,0
DA:340,0
DA:341,0
DA:348,1
DA:351,0
DA:352,0
DA:353,0
DA:356,0
DA:357,0
DA:365,0
DA:369,1
DA:371,0
DA:377,0
DA:380,1
DA:382,0
DA:383,0
DA:390,0
DA:391,0
DA:392,0
DA:393,0
DA:396,0
DA:397,0
DA:398,0
DA:400,0
DA:404,1
DA:405,1
DA:407,0
DA:415,1
DA:417,0
DA:418,0
DA:419,0
LF:156
LH:39
FN:12,14,sample_text
FNDA:0,sample_text
FN:18,20,short_text
FNDA:0,short_text
FN:24,26,tokenizer
FNDA:0,tokenizer
FN:30,47,test_train_dataset_creation
FNDA:0,test_train_dataset_creation
FN:50,62,test_val_dataset_creation
FNDA:0,test_val_dataset_creation
FN:66,80,test_getitem_returns_correct_shapes
FNDA:0,test_getitem_returns_correct_shapes
FN:83,99,test_getitem_autoregressive_offset
FNDA:0,test_getitem_autoregressive_offset
FN:102,116,test_dataset_length_calculation
FNDA:0,test_dataset_length_calculation
FN:120,148,test_train_val_split_consistency
FNDA:0,test_train_val_split_consistency
FN:151,177,test_train_val_no_overlap
FNDA:0,test_train_val_no_overlap
FN:181,196,test_minimum_viable_dataset
FNDA:0,test_minimum_viable_dataset
FN:199,216,test_small_validation_split
FNDA:0,test_small_validation_split
FN:220,244,test_boundary_train_splits
FNDA:0,test_boundary_train_splits
FN:248,262,test_various_block_sizes
FNDA:0,test_various_block_sizes
FN:266,276,test_invalid_split_raises_error
FNDA:0,test_invalid_split_raises_error
FN:285,292,test_train_split_out_of_range
FNDA:0,test_train_split_out_of_range
FN:295,303,test_train_split_1_with_val_split_raises_error
FNDA:0,test_train_split_1_with_val_split_raises_error
FN:307,314,test_invalid_block_size_raises_error
FNDA:0,test_invalid_block_size_raises_error
FN:317,332,test_data_too_short_raises_error
FNDA:0,test_data_too_short_raises_error
FN:335,345,test_exact_block_size_equals_data_raises_error
FNDA:0,test_exact_block_size_equals_data_raises_error
FN:348,365,test_validation_split_too_small_for_block_size
FNDA:0,test_validation_split_too_small_for_block_size
FN:369,377,test_vocab_size_property
FNDA:0,test_vocab_size_property
FN:380,400,test_sequential_iteration
FNDA:0,test_sequential_iteration
FN:405,413,dataset
FNDA:0,dataset
FN:415,419,test_works_with_dataloader
FNDA:0,test_works_with_dataloader
FNF:25
FNH:0
end_of_record
SF:tokenizers/bpe/test_bpe_all.py
DA:1,1
DA:2,1
DA:3,1
DA:6,1
DA:11,1
DA:13,0
DA:16,1
DA:17,1
DA:19,0
DA:22,1
DA:23,1
DA:25,0
DA:26,0
DA:27,0
DA:28,0
DA:31,1
DA:34,0
DA:37,1
DA:39,0
DA:48,0
DA:49,0
DA:50,0
DA:51,0
DA:54,1
DA:56,0
DA:66,0
DA:67,0
DA:68,0
DA:69,0
DA:72,1
DA:74,0
DA:86,0
DA:87,0
DA:88,0
DA:89,0
DA:92,1
DA:94,0
DA:95,0
DA:96,0
DA:97,0
DA:100,1
DA:102,0
DA:103,0
DA:106,1
DA:108,0
DA:109,0
DA:110,0
DA:112,0
DA:115,0
DA:116,0
DA:119,1
DA:121,0
DA:122,0
DA:125,1
DA:127,0
DA:128,0
DA:131,1
DA:134,0
DA:135,0
DA:137,0
DA:138,0
DA:141,0
DA:144,0
DA:145,0
DA:148,0
DA:151,1
DA:153,0
DA:160,0
DA:161,0
DA:162,0
DA:163,0
DA:166,1
DA:169,0
DA:170,0
DA:172,0
DA:175,0
DA:178,0
DA:179,0
DA:180,0
DA:183,1
DA:185,0
DA:188,0
DA:189,0
DA:190,0
DA:193,0
DA:196,1
DA:198,0
DA:199,0
DA:201,0
DA:202,0
DA:204,0
DA:207,1
DA:209,0
DA:210,0
DA:212,0
DA:213,0
DA:215,0
DA:218,1
DA:221,0
DA:223,0
DA:224,0
DA:226,0
DA:227,0
DA:230,1
DA:232,0
DA:240,0
DA:241,0
DA:242,0
DA:243,0
DA:246,1
DA:248,0
DA:256,0
DA:257,0
DA:258,0
DA:259,0
DA:262,1
DA:264,0
DA:265,0
DA:268,0
DA:271,0
DA:272,0
DA:273,0
DA:276,1
DA:278,0
DA:280,0
DA:283,0
DA:284,0
DA:285,0
DA:288,1
DA:294,0
DA:295,0
DA:296,0
DA:299,0
DA:303,0
DA:304,0
DA:307,0
DA:313,0
DA:314,0
DA:315,0
DA:316,0
DA:319,1
DA:322,0
DA:323,0
DA:326,0
DA:327,0
DA:330,0
DA:331,0
DA:333,0
DA:334,0
DA:337,1
DA:341,0
DA:342,0
DA:343,0
DA:346,0
DA:347,0
DA:348,0
DA:350,0
DA:351,0
DA:352,0
LF:159
LH:32
FN:11,13,tokenizer_class
FNDA:0,tokenizer_class
FN:17,19,fresh_tokenizer
FNDA:0,fresh_tokenizer
FN:23,28,trained_tokenizer
FNDA:0,trained_tokenizer
FN:31,34,test_fresh_tokenizer_initializes_correctly
FNDA:0,test_fresh_tokenizer_initializes_correctly
FN:37,51,test_round_trip_consistency_simple_text
FNDA:0,test_round_trip_consistency_simple_text
FN:54,69,test_round_trip_consistency_utf8_text
FNDA:0,test_round_trip_consistency_utf8_text
FN:72,89,test_round_trip_consistency_special_chars
FNDA:0,test_round_trip_consistency_special_chars
FN:92,97,test_encode_returns_list_of_integers
FNDA:0,test_encode_returns_list_of_integers
FN:100,103,test_decode_handles_empty_token_list
FNDA:0,test_decode_handles_empty_token_list
FN:106,116,test_training_increases_vocab_size
FNDA:0,test_training_increases_vocab_size
FN:119,122,test_training_with_target_less_than_base_size_fails
FNDA:0,test_training_with_target_less_than_base_size_fails
FN:125,128,test_training_with_minimal_target_size
FNDA:0,test_training_with_minimal_target_size
FN:131,148,test_training_affects_encoding_efficiency
FNDA:0,test_training_affects_encoding_efficiency
FN:151,163,test_round_trip_after_training
FNDA:0,test_round_trip_after_training
FN:166,180,test_training_with_insufficient_data
FNDA:0,test_training_with_insufficient_data
FN:183,193,test_consistent_encoding_after_training
FNDA:0,test_consistent_encoding_after_training
FN:196,204,test_different_texts_produce_different_encodings
FNDA:0,test_different_texts_produce_different_encodings
FN:207,215,test_longer_text_produces_more_tokens
FNDA:0,test_longer_text_produces_more_tokens
FN:218,227,test_very_long_text
FNDA:0,test_very_long_text
FN:230,243,test_text_with_only_whitespace
FNDA:0,test_text_with_only_whitespace
FN:246,259,test_text_with_only_punctuation
FNDA:0,test_text_with_only_punctuation
FN:262,273,test_training_on_empty_string
FNDA:0,test_training_on_empty_string
FN:276,285,test_training_on_single_character
FNDA:0,test_training_on_single_character
FN:288,316,test_multiple_training_sessions
FNDA:0,test_multiple_training_sessions
FN:319,334,test_decode_with_invalid_tokens
FNDA:0,test_decode_with_invalid_tokens
FN:337,352,test_unicode_normalization_consistency
FNDA:0,test_unicode_normalization_consistency
FNF:26
FNH:0
end_of_record
SF:tokenizers/bpe/test_bpe_basic.py
DA:1,1
DA:2,1
DA:5,1
DA:6,1
DA:8,0
DA:11,1
DA:14,0
DA:15,0
DA:18,0
DA:19,0
DA:22,1
DA:27,0
DA:30,0
DA:31,0
DA:32,0
DA:35,0
DA:36,0
DA:39,1
DA:43,0
DA:45,0
DA:48,0
DA:49,0
DA:50,0
DA:51,0
DA:54,0
DA:57,1
DA:62,0
DA:65,0
DA:66,0
DA:69,0
DA:70,0
DA:71,0
DA:72,0
LF:33
LH:8
FN:6,8,basic_tokenizer
FNDA:0,basic_tokenizer
FN:11,19,test_basic_tokenizer_no_constructor_params
FNDA:0,test_basic_tokenizer_no_constructor_params
FN:22,36,test_basic_tokenizer_processes_text_without_chunking
FNDA:0,test_basic_tokenizer_processes_text_without_chunking
FN:39,54,test_basic_tokenizer_training_on_long_continuous_text
FNDA:0,test_basic_tokenizer_training_on_long_continuous_text
FN:57,72,test_basic_tokenizer_handles_text_boundaries_as_continuous
FNDA:0,test_basic_tokenizer_handles_text_boundaries_as_continuous
FNF:5
FNH:0
end_of_record
SF:tokenizers/bpe/test_bpe_chunked.py
DA:1,1
DA:2,1
DA:3,1
DA:4,1
DA:6,1
DA:10,1
DA:12,0
DA:15,1
DA:18,0
DA:19,0
DA:22,0
DA:23,0
DA:26,1
DA:28,0
DA:30,0
DA:31,0
DA:32,0
DA:33,0
DA:36,1
DA:38,0
DA:41,0
DA:42,0
DA:45,0
DA:46,0
DA:47,0
DA:48,0
DA:51,0
DA:54,1
DA:56,0
DA:58,0
DA:59,0
DA:62,0
DA:63,0
DA:64,0
DA:65,0
DA:68,1
DA:70,0
DA:77,0
DA:78,0
DA:79,0
LF:40
LH:11
FN:10,12,chunked_tokenizer_class
FNDA:0,chunked_tokenizer_class
FN:15,23,test_chunked_tokenizer_accepts_split_pattern
FNDA:0,test_chunked_tokenizer_accepts_split_pattern
FN:26,33,test_custom_split_pattern_round_trip
FNDA:0,test_custom_split_pattern_round_trip
FN:36,51,test_split_pattern_with_training
FNDA:0,test_split_pattern_with_training
FN:54,65,test_predefined_split_patterns
FNDA:0,test_predefined_split_patterns
FN:68,79,test_invalid_regex_patterns
FNDA:0,test_invalid_regex_patterns
FNF:6
FNH:0
end_of_record
SF:tokenizers/bpe/test_utils.py
DA:1,1
DA:5,1
DA:7,0
DA:8,0
DA:10,0
DA:17,1
DA:19,0
DA:22,1
DA:24,0
DA:27,1
DA:29,0
DA:30,0
DA:32,0
DA:38,1
DA:40,0
DA:41,0
DA:43,0
DA:44,0
DA:46,0
DA:54,1
DA:56,0
DA:57,0
DA:59,0
DA:62,1
DA:64,0
DA:65,0
DA:67,0
DA:70,1
DA:72,0
DA:73,0
DA:76,0
DA:79,1
DA:82,0
DA:83,0
DA:84,0
DA:87,0
DA:88,0
DA:89,0
DA:92,1
DA:94,0
DA:97,1
DA:99,0
LF:42
LH:12
FN:5,14,test_count_pairs_basic
FNDA:0,test_count_pairs_basic
FN:17,19,test_count_pairs_empty
FNDA:0,test_count_pairs_empty
FN:22,24,test_count_pairs_single_element
FNDA:0,test_count_pairs_single_element
FN:27,35,test_count_pairs_num_copies
FNDA:0,test_count_pairs_num_copies
FN:38,50,test_count_pairs_with_existing_counts
FNDA:0,test_count_pairs_with_existing_counts
FN:54,59,test_merge_pair_basic
FNDA:0,test_merge_pair_basic
FN:62,67,test_merge_pair_no_occurrences
FNDA:0,test_merge_pair_no_occurrences
FN:70,76,test_merge_pair_overlapping
FNDA:0,test_merge_pair_overlapping
FN:79,89,test_merge_pair_at_boundaries
FNDA:0,test_merge_pair_at_boundaries
FN:92,94,test_merge_pair_empty
FNDA:0,test_merge_pair_empty
FN:97,99,test_merge_pair_single_element
FNDA:0,test_merge_pair_single_element
FNF:11
FNH:0
end_of_record
SF:tokenizers/test_byte.py
DA:1,1
DA:3,1
DA:5,0
DA:6,0
DA:9,1
DA:11,0
DA:12,0
DA:14,0
DA:15,0
DA:18,1
DA:20,0
DA:21,0
DA:23,0
DA:24,0
DA:25,0
DA:28,1
DA:30,0
DA:31,0
DA:32,0
LF:19
LH:5
FN:3,6,test_vocab_size
FNDA:0,test_vocab_size
FN:9,15,test_encode_returns_list
FNDA:0,test_encode_returns_list
FN:18,25,test_basic_round_trip
FNDA:0,test_basic_round_trip
FN:28,32,test_empty_string
FNDA:0,test_empty_string
FNF:4
FNH:0
end_of_record
SF:tokenizers/test_char.py
DA:1,1
DA:2,1
DA:5,1
DA:7,0
DA:9,0
DA:10,0
DA:13,0
DA:14,0
DA:17,1
DA:19,0
DA:20,0
DA:23,1
DA:25,0
DA:26,0
DA:28,0
DA:29,0
DA:30,0
DA:33,1
DA:35,0
DA:37,0
DA:38,0
DA:41,0
DA:42,0
DA:45,1
DA:47,0
DA:49,0
DA:50,0
DA:53,0
DA:54,0
DA:57,1
DA:59,0
DA:61,0
DA:62,0
DA:63,0
DA:66,0
DA:67,0
DA:70,1
DA:72,0
DA:74,0
DA:75,0
LF:40
LH:9
FN:5,14,test_vocab_creation
FNDA:0,test_vocab_creation
FN:17,20,test_vocab_sorted
FNDA:0,test_vocab_sorted
FN:23,30,test_encode_decode_round_trip
FNDA:0,test_encode_decode_round_trip
FN:33,42,test_encode_unknown_character
FNDA:0,test_encode_unknown_character
FN:45,54,test_decode_invalid_token
FNDA:0,test_decode_invalid_token
FN:57,67,test_empty_text
FNDA:0,test_empty_text
FN:70,75,test_repeated_characters
FNDA:0,test_repeated_characters
FNF:7
FNH:0
end_of_record
